<?xml version="1.0" encoding="UTF-8"?>
<testng-results ignored="1" total="2" passed="1" failed="0" skipped="0">
  <reporter-output>
  </reporter-output>
  <suite started-at="2023-03-03T11:05:40 CST" name="Suite" finished-at="2023-03-03T11:05:45 CST" duration-ms="5457">
    <groups>
    </groups>
    <test started-at="2023-03-03T11:05:40 CST" name="Test" finished-at="2023-03-03T11:05:45 CST" duration-ms="5457">
      <class name="ehg.test.logoTest">
        <test-method is-config="true" signature="setup()[pri:0, instance:ehg.test.logoTest@66f57048]" started-at="2023-03-03T11:05:40 CST" name="setup" finished-at="2023-03-03T11:05:43 CST" duration-ms="3040" status="PASS">
          <reporter-output>
          </reporter-output>
        </test-method> <!-- setup -->
        <test-method signature="CompareLogoImageTest()[pri:0, instance:ehg.test.logoTest@66f57048]" started-at="2023-03-03T11:05:43 CST" name="CompareLogoImageTest" finished-at="2023-03-03T11:05:45 CST" duration-ms="1816" status="PASS">
          <reporter-output>
          </reporter-output>
        </test-method> <!-- CompareLogoImageTest -->
        <test-method is-config="true" signature="tearDown()[pri:0, instance:ehg.test.logoTest@66f57048]" started-at="2023-03-03T11:05:45 CST" name="tearDown" finished-at="2023-03-03T11:05:45 CST" duration-ms="579" status="PASS">
          <reporter-output>
          </reporter-output>
        </test-method> <!-- tearDown -->
      </class> <!-- ehg.test.logoTest -->
    </test> <!-- Test -->
  </suite> <!-- Suite -->
</testng-results>
