<?xml version="1.0" encoding="UTF-8"?>
<testng-results ignored="0" total="1" passed="1" failed="0" skipped="0">
  <reporter-output>
  </reporter-output>
  <suite started-at="2023-03-02T05:00:33 CST" name="Suite" finished-at="2023-03-02T05:00:39 CST" duration-ms="5467">
    <groups>
    </groups>
    <test started-at="2023-03-02T05:00:33 CST" name="Test" finished-at="2023-03-02T05:00:39 CST" duration-ms="5467">
      <class name="ehg.test.logoTest">
        <test-method is-config="true" signature="setup()[pri:0, instance:ehg.test.logoTest@550dbc7a]" started-at="2023-03-02T05:00:33 CST" name="setup" finished-at="2023-03-02T05:00:36 CST" duration-ms="3051" status="PASS">
          <reporter-output>
          </reporter-output>
        </test-method> <!-- setup -->
        <test-method signature="SavingLogoTest()[pri:0, instance:ehg.test.logoTest@550dbc7a]" started-at="2023-03-02T05:00:36 CST" name="SavingLogoTest" finished-at="2023-03-02T05:00:38 CST" duration-ms="1843" status="PASS">
          <reporter-output>
          </reporter-output>
        </test-method> <!-- SavingLogoTest -->
        <test-method is-config="true" signature="tearDown()[pri:0, instance:ehg.test.logoTest@550dbc7a]" started-at="2023-03-02T05:00:38 CST" name="tearDown" finished-at="2023-03-02T05:00:39 CST" duration-ms="553" status="PASS">
          <reporter-output>
          </reporter-output>
        </test-method> <!-- tearDown -->
      </class> <!-- ehg.test.logoTest -->
    </test> <!-- Test -->
  </suite> <!-- Suite -->
</testng-results>
